2025-07-24T15:42:10.468+07:00  INFO 7236 --- [library_management] [restartedMain] o.e.l.LibraryManagementApplication       : Starting LibraryManagementApplication using Java 17 with PID 7236 (F:\CodeGym\Module_4\Module_4\ss9_aop_exception_handeling\bai_tap\library_management\build\classes\java\main started by ADMIN in F:\CodeGym\Module_4\Module_4\ss9_aop_exception_handeling\bai_tap\library_management)
2025-07-24T15:42:10.471+07:00  INFO 7236 --- [library_management] [restartedMain] o.e.l.LibraryManagementApplication       : No active profile set, falling back to 1 default profile: "default"
2025-07-24T15:42:10.580+07:00  INFO 7236 --- [library_management] [restartedMain] .e.DevToolsPropertyDefaultsPostProcessor : Devtools property defaults active! Set 'spring.devtools.add-properties' to 'false' to disable
2025-07-24T15:42:10.581+07:00  INFO 7236 --- [library_management] [restartedMain] .e.DevToolsPropertyDefaultsPostProcessor : For additional web related logging consider setting the 'logging.level.web' property to 'DEBUG'
2025-07-24T15:42:11.574+07:00  INFO 7236 --- [library_management] [restartedMain] .s.d.r.c.RepositoryConfigurationDelegate : Bootstrapping Spring Data JPA repositories in DEFAULT mode.
2025-07-24T15:42:11.646+07:00  INFO 7236 --- [library_management] [restartedMain] .s.d.r.c.RepositoryConfigurationDelegate : Finished Spring Data repository scanning in 61 ms. Found 2 JPA repository interfaces.
2025-07-24T15:42:12.583+07:00  INFO 7236 --- [library_management] [restartedMain] o.s.b.w.embedded.tomcat.TomcatWebServer  : Tomcat initialized with port 8080 (http)
2025-07-24T15:42:12.592+07:00  INFO 7236 --- [library_management] [restartedMain] o.apache.catalina.core.StandardService   : Starting service [Tomcat]
2025-07-24T15:42:12.593+07:00  INFO 7236 --- [library_management] [restartedMain] o.apache.catalina.core.StandardEngine    : Starting Servlet engine: [Apache Tomcat/10.1.42]
2025-07-24T15:42:12.670+07:00  INFO 7236 --- [library_management] [restartedMain] o.a.c.c.C.[Tomcat].[localhost].[/]       : Initializing Spring embedded WebApplicationContext
2025-07-24T15:42:12.670+07:00  INFO 7236 --- [library_management] [restartedMain] w.s.c.ServletWebServerApplicationContext : Root WebApplicationContext: initialization completed in 2088 ms
2025-07-24T15:42:12.856+07:00  INFO 7236 --- [library_management] [restartedMain] o.hibernate.jpa.internal.util.LogHelper  : HHH000204: Processing PersistenceUnitInfo [name: default]
2025-07-24T15:42:12.888+07:00  INFO 7236 --- [library_management] [restartedMain] org.hibernate.Version                    : HHH000412: Hibernate ORM core version 6.6.18.Final
2025-07-24T15:42:12.909+07:00  INFO 7236 --- [library_management] [restartedMain] o.h.c.internal.RegionFactoryInitiator    : HHH000026: Second-level cache disabled
2025-07-24T15:42:13.145+07:00  INFO 7236 --- [library_management] [restartedMain] o.s.o.j.p.SpringPersistenceUnitInfo      : No LoadTimeWeaver setup: ignoring JPA class transformer
2025-07-24T15:42:13.193+07:00  INFO 7236 --- [library_management] [restartedMain] com.zaxxer.hikari.HikariDataSource       : HikariPool-1 - Starting...
2025-07-24T15:42:13.532+07:00  INFO 7236 --- [library_management] [restartedMain] com.zaxxer.hikari.pool.HikariPool        : HikariPool-1 - Added connection com.mysql.cj.jdbc.ConnectionImpl@2a18cf0e
2025-07-24T15:42:13.535+07:00  INFO 7236 --- [library_management] [restartedMain] com.zaxxer.hikari.HikariDataSource       : HikariPool-1 - Start completed.
2025-07-24T15:42:13.734+07:00  INFO 7236 --- [library_management] [restartedMain] org.hibernate.orm.connections.pooling    : HHH10001005: Database info:
	Database JDBC URL [Connecting through datasource 'HikariDataSource (HikariPool-1)']
	Database driver: undefined/unknown
	Database version: 8.0.42
	Autocommit mode: undefined/unknown
	Isolation level: undefined/unknown
	Minimum pool size: undefined/unknown
	Maximum pool size: undefined/unknown
2025-07-24T15:42:14.736+07:00  INFO 7236 --- [library_management] [restartedMain] o.h.e.t.j.p.i.JtaPlatformInitiator       : HHH000489: No JTA platform available (set 'hibernate.transaction.jta.platform' to enable JTA platform integration)
2025-07-24T15:42:14.835+07:00  INFO 7236 --- [library_management] [restartedMain] j.LocalContainerEntityManagerFactoryBean : Initialized JPA EntityManagerFactory for persistence unit 'default'
2025-07-24T15:42:15.430+07:00  WARN 7236 --- [library_management] [restartedMain] JpaBaseConfiguration$JpaWebConfiguration : spring.jpa.open-in-view is enabled by default. Therefore, database queries may be performed during view rendering. Explicitly configure spring.jpa.open-in-view to disable this warning
2025-07-24T15:42:15.471+07:00  INFO 7236 --- [library_management] [restartedMain] o.s.b.a.w.s.WelcomePageHandlerMapping    : Adding welcome page template: index
2025-07-24T15:42:16.029+07:00  INFO 7236 --- [library_management] [restartedMain] o.s.b.d.a.OptionalLiveReloadServer       : LiveReload server is running on port 35729
2025-07-24T15:42:16.075+07:00  INFO 7236 --- [library_management] [restartedMain] o.s.b.w.embedded.tomcat.TomcatWebServer  : Tomcat started on port 8080 (http) with context path '/'
2025-07-24T15:42:16.091+07:00  INFO 7236 --- [library_management] [restartedMain] o.e.l.LibraryManagementApplication       : Started LibraryManagementApplication in 6.218 seconds (process running for 7.135)
2025-07-24T15:42:16.240+07:00  INFO 7236 --- [library_management] [http-nio-8080-exec-1] o.a.c.c.C.[Tomcat].[localhost].[/]       : Initializing Spring DispatcherServlet 'dispatcherServlet'
2025-07-24T15:42:16.241+07:00  INFO 7236 --- [library_management] [http-nio-8080-exec-1] o.s.web.servlet.DispatcherServlet        : Initializing Servlet 'dispatcherServlet'
2025-07-24T15:42:16.242+07:00  INFO 7236 --- [library_management] [http-nio-8080-exec-1] o.s.web.servlet.DispatcherServlet        : Completed initialization in 1 ms
2025-07-24T15:42:19.007+07:00 ERROR 7236 --- [library_management] [http-nio-8080-exec-3] o.e.l.Aspect.BookAspect                  : Đã xảy ra lỗi khi thay đổi trạng thái sách: Book out of stock
2025-07-24T15:42:19.011+07:00  WARN 7236 --- [library_management] [http-nio-8080-exec-3] .m.m.a.ExceptionHandlerExceptionResolver : Resolved [java.lang.RuntimeException: Book out of stock]
2025-07-24T15:42:19.014+07:00 ERROR 7236 --- [library_management] [http-nio-8080-exec-3] org.thymeleaf.TemplateEngine             : [THYMELEAF][http-nio-8080-exec-3] Exception processing template "error_500": Error resolving template [error_500], template might not exist or might not be accessible by any of the configured Template Resolvers

org.thymeleaf.exceptions.TemplateInputException: Error resolving template [error_500], template might not exist or might not be accessible by any of the configured Template Resolvers
	at org.thymeleaf.engine.TemplateManager.resolveTemplate(TemplateManager.java:869) ~[thymeleaf-3.1.3.RELEASE.jar:3.1.3.RELEASE]
	at org.thymeleaf.engine.TemplateManager.parseAndProcess(TemplateManager.java:607) ~[thymeleaf-3.1.3.RELEASE.jar:3.1.3.RELEASE]
	at org.thymeleaf.TemplateEngine.process(TemplateEngine.java:1103) ~[thymeleaf-3.1.3.RELEASE.jar:3.1.3.RELEASE]
	at org.thymeleaf.TemplateEngine.process(TemplateEngine.java:1077) ~[thymeleaf-3.1.3.RELEASE.jar:3.1.3.RELEASE]
	at org.thymeleaf.spring6.view.ThymeleafView.renderFragment(ThymeleafView.java:372) ~[thymeleaf-spring6-3.1.3.RELEASE.jar:3.1.3.RELEASE]
	at org.thymeleaf.spring6.view.ThymeleafView.render(ThymeleafView.java:192) ~[thymeleaf-spring6-3.1.3.RELEASE.jar:3.1.3.RELEASE]
	at org.springframework.web.servlet.DispatcherServlet.render(DispatcherServlet.java:1437) ~[spring-webmvc-6.2.8.jar:6.2.8]
	at org.springframework.web.servlet.DispatcherServlet.processDispatchResult(DispatcherServlet.java:1168) ~[spring-webmvc-6.2.8.jar:6.2.8]
	at org.springframework.web.servlet.DispatcherServlet.doDispatch(DispatcherServlet.java:1106) ~[spring-webmvc-6.2.8.jar:6.2.8]
	at org.springframework.web.servlet.DispatcherServlet.doService(DispatcherServlet.java:979) ~[spring-webmvc-6.2.8.jar:6.2.8]
	at org.springframework.web.servlet.FrameworkServlet.processRequest(FrameworkServlet.java:1014) ~[spring-webmvc-6.2.8.jar:6.2.8]
	at org.springframework.web.servlet.FrameworkServlet.doPost(FrameworkServlet.java:914) ~[spring-webmvc-6.2.8.jar:6.2.8]
	at jakarta.servlet.http.HttpServlet.service(HttpServlet.java:590) ~[tomcat-embed-core-10.1.42.jar:6.0]
	at org.springframework.web.servlet.FrameworkServlet.service(FrameworkServlet.java:885) ~[spring-webmvc-6.2.8.jar:6.2.8]
	at jakarta.servlet.http.HttpServlet.service(HttpServlet.java:658) ~[tomcat-embed-core-10.1.42.jar:6.0]
	at org.apache.catalina.core.ApplicationFilterChain.internalDoFilter(ApplicationFilterChain.java:195) ~[tomcat-embed-core-10.1.42.jar:10.1.42]
	at org.apache.catalina.core.ApplicationFilterChain.doFilter(ApplicationFilterChain.java:140) ~[tomcat-embed-core-10.1.42.jar:10.1.42]
	at org.apache.tomcat.websocket.server.WsFilter.doFilter(WsFilter.java:51) ~[tomcat-embed-websocket-10.1.42.jar:10.1.42]
	at org.apache.catalina.core.ApplicationFilterChain.internalDoFilter(ApplicationFilterChain.java:164) ~[tomcat-embed-core-10.1.42.jar:10.1.42]
	at org.apache.catalina.core.ApplicationFilterChain.doFilter(ApplicationFilterChain.java:140) ~[tomcat-embed-core-10.1.42.jar:10.1.42]
	at org.springframework.web.filter.RequestContextFilter.doFilterInternal(RequestContextFilter.java:100) ~[spring-web-6.2.8.jar:6.2.8]
	at org.springframework.web.filter.OncePerRequestFilter.doFilter(OncePerRequestFilter.java:116) ~[spring-web-6.2.8.jar:6.2.8]
	at org.apache.catalina.core.ApplicationFilterChain.internalDoFilter(ApplicationFilterChain.java:164) ~[tomcat-embed-core-10.1.42.jar:10.1.42]
	at org.apache.catalina.core.ApplicationFilterChain.doFilter(ApplicationFilterChain.java:140) ~[tomcat-embed-core-10.1.42.jar:10.1.42]
	at org.springframework.web.filter.FormContentFilter.doFilterInternal(FormContentFilter.java:93) ~[spring-web-6.2.8.jar:6.2.8]
	at org.springframework.web.filter.OncePerRequestFilter.doFilter(OncePerRequestFilter.java:116) ~[spring-web-6.2.8.jar:6.2.8]
	at org.apache.catalina.core.ApplicationFilterChain.internalDoFilter(ApplicationFilterChain.java:164) ~[tomcat-embed-core-10.1.42.jar:10.1.42]
	at org.apache.catalina.core.ApplicationFilterChain.doFilter(ApplicationFilterChain.java:140) ~[tomcat-embed-core-10.1.42.jar:10.1.42]
	at org.springframework.web.filter.CharacterEncodingFilter.doFilterInternal(CharacterEncodingFilter.java:201) ~[spring-web-6.2.8.jar:6.2.8]
	at org.springframework.web.filter.OncePerRequestFilter.doFilter(OncePerRequestFilter.java:116) ~[spring-web-6.2.8.jar:6.2.8]
	at org.apache.catalina.core.ApplicationFilterChain.internalDoFilter(ApplicationFilterChain.java:164) ~[tomcat-embed-core-10.1.42.jar:10.1.42]
	at org.apache.catalina.core.ApplicationFilterChain.doFilter(ApplicationFilterChain.java:140) ~[tomcat-embed-core-10.1.42.jar:10.1.42]
	at org.apache.catalina.core.StandardWrapperValve.invoke(StandardWrapperValve.java:167) ~[tomcat-embed-core-10.1.42.jar:10.1.42]
	at org.apache.catalina.core.StandardContextValve.invoke(StandardContextValve.java:90) ~[tomcat-embed-core-10.1.42.jar:10.1.42]
	at org.apache.catalina.authenticator.AuthenticatorBase.invoke(AuthenticatorBase.java:483) ~[tomcat-embed-core-10.1.42.jar:10.1.42]
	at org.apache.catalina.core.StandardHostValve.invoke(StandardHostValve.java:116) ~[tomcat-embed-core-10.1.42.jar:10.1.42]
	at org.apache.catalina.valves.ErrorReportValve.invoke(ErrorReportValve.java:93) ~[tomcat-embed-core-10.1.42.jar:10.1.42]
	at org.apache.catalina.core.StandardEngineValve.invoke(StandardEngineValve.java:74) ~[tomcat-embed-core-10.1.42.jar:10.1.42]
	at org.apache.catalina.connector.CoyoteAdapter.service(CoyoteAdapter.java:344) ~[tomcat-embed-core-10.1.42.jar:10.1.42]
	at org.apache.coyote.http11.Http11Processor.service(Http11Processor.java:398) ~[tomcat-embed-core-10.1.42.jar:10.1.42]
	at org.apache.coyote.AbstractProcessorLight.process(AbstractProcessorLight.java:63) ~[tomcat-embed-core-10.1.42.jar:10.1.42]
	at org.apache.coyote.AbstractProtocol$ConnectionHandler.process(AbstractProtocol.java:903) ~[tomcat-embed-core-10.1.42.jar:10.1.42]
	at org.apache.tomcat.util.net.NioEndpoint$SocketProcessor.doRun(NioEndpoint.java:1769) ~[tomcat-embed-core-10.1.42.jar:10.1.42]
	at org.apache.tomcat.util.net.SocketProcessorBase.run(SocketProcessorBase.java:52) ~[tomcat-embed-core-10.1.42.jar:10.1.42]
	at org.apache.tomcat.util.threads.ThreadPoolExecutor.runWorker(ThreadPoolExecutor.java:1189) ~[tomcat-embed-core-10.1.42.jar:10.1.42]
	at org.apache.tomcat.util.threads.ThreadPoolExecutor$Worker.run(ThreadPoolExecutor.java:658) ~[tomcat-embed-core-10.1.42.jar:10.1.42]
	at org.apache.tomcat.util.threads.TaskThread$WrappingRunnable.run(TaskThread.java:63) ~[tomcat-embed-core-10.1.42.jar:10.1.42]
	at java.base/java.lang.Thread.run(Thread.java:833) ~[na:na]

2025-07-24T15:42:19.020+07:00 ERROR 7236 --- [library_management] [http-nio-8080-exec-3] o.a.c.c.C.[.[.[/].[dispatcherServlet]    : Servlet.service() for servlet [dispatcherServlet] in context with path [] threw exception [Request processing failed: org.thymeleaf.exceptions.TemplateInputException: Error resolving template [error_500], template might not exist or might not be accessible by any of the configured Template Resolvers] with root cause

org.thymeleaf.exceptions.TemplateInputException: Error resolving template [error_500], template might not exist or might not be accessible by any of the configured Template Resolvers
	at org.thymeleaf.engine.TemplateManager.resolveTemplate(TemplateManager.java:869) ~[thymeleaf-3.1.3.RELEASE.jar:3.1.3.RELEASE]
	at org.thymeleaf.engine.TemplateManager.parseAndProcess(TemplateManager.java:607) ~[thymeleaf-3.1.3.RELEASE.jar:3.1.3.RELEASE]
	at org.thymeleaf.TemplateEngine.process(TemplateEngine.java:1103) ~[thymeleaf-3.1.3.RELEASE.jar:3.1.3.RELEASE]
	at org.thymeleaf.TemplateEngine.process(TemplateEngine.java:1077) ~[thymeleaf-3.1.3.RELEASE.jar:3.1.3.RELEASE]
	at org.thymeleaf.spring6.view.ThymeleafView.renderFragment(ThymeleafView.java:372) ~[thymeleaf-spring6-3.1.3.RELEASE.jar:3.1.3.RELEASE]
	at org.thymeleaf.spring6.view.ThymeleafView.render(ThymeleafView.java:192) ~[thymeleaf-spring6-3.1.3.RELEASE.jar:3.1.3.RELEASE]
	at org.springframework.web.servlet.DispatcherServlet.render(DispatcherServlet.java:1437) ~[spring-webmvc-6.2.8.jar:6.2.8]
	at org.springframework.web.servlet.DispatcherServlet.processDispatchResult(DispatcherServlet.java:1168) ~[spring-webmvc-6.2.8.jar:6.2.8]
	at org.springframework.web.servlet.DispatcherServlet.doDispatch(DispatcherServlet.java:1106) ~[spring-webmvc-6.2.8.jar:6.2.8]
	at org.springframework.web.servlet.DispatcherServlet.doService(DispatcherServlet.java:979) ~[spring-webmvc-6.2.8.jar:6.2.8]
	at org.springframework.web.servlet.FrameworkServlet.processRequest(FrameworkServlet.java:1014) ~[spring-webmvc-6.2.8.jar:6.2.8]
	at org.springframework.web.servlet.FrameworkServlet.doPost(FrameworkServlet.java:914) ~[spring-webmvc-6.2.8.jar:6.2.8]
	at jakarta.servlet.http.HttpServlet.service(HttpServlet.java:590) ~[tomcat-embed-core-10.1.42.jar:6.0]
	at org.springframework.web.servlet.FrameworkServlet.service(FrameworkServlet.java:885) ~[spring-webmvc-6.2.8.jar:6.2.8]
	at jakarta.servlet.http.HttpServlet.service(HttpServlet.java:658) ~[tomcat-embed-core-10.1.42.jar:6.0]
	at org.apache.catalina.core.ApplicationFilterChain.internalDoFilter(ApplicationFilterChain.java:195) ~[tomcat-embed-core-10.1.42.jar:10.1.42]
	at org.apache.catalina.core.ApplicationFilterChain.doFilter(ApplicationFilterChain.java:140) ~[tomcat-embed-core-10.1.42.jar:10.1.42]
	at org.apache.tomcat.websocket.server.WsFilter.doFilter(WsFilter.java:51) ~[tomcat-embed-websocket-10.1.42.jar:10.1.42]
	at org.apache.catalina.core.ApplicationFilterChain.internalDoFilter(ApplicationFilterChain.java:164) ~[tomcat-embed-core-10.1.42.jar:10.1.42]
	at org.apache.catalina.core.ApplicationFilterChain.doFilter(ApplicationFilterChain.java:140) ~[tomcat-embed-core-10.1.42.jar:10.1.42]
	at org.springframework.web.filter.RequestContextFilter.doFilterInternal(RequestContextFilter.java:100) ~[spring-web-6.2.8.jar:6.2.8]
	at org.springframework.web.filter.OncePerRequestFilter.doFilter(OncePerRequestFilter.java:116) ~[spring-web-6.2.8.jar:6.2.8]
	at org.apache.catalina.core.ApplicationFilterChain.internalDoFilter(ApplicationFilterChain.java:164) ~[tomcat-embed-core-10.1.42.jar:10.1.42]
	at org.apache.catalina.core.ApplicationFilterChain.doFilter(ApplicationFilterChain.java:140) ~[tomcat-embed-core-10.1.42.jar:10.1.42]
	at org.springframework.web.filter.FormContentFilter.doFilterInternal(FormContentFilter.java:93) ~[spring-web-6.2.8.jar:6.2.8]
	at org.springframework.web.filter.OncePerRequestFilter.doFilter(OncePerRequestFilter.java:116) ~[spring-web-6.2.8.jar:6.2.8]
	at org.apache.catalina.core.ApplicationFilterChain.internalDoFilter(ApplicationFilterChain.java:164) ~[tomcat-embed-core-10.1.42.jar:10.1.42]
	at org.apache.catalina.core.ApplicationFilterChain.doFilter(ApplicationFilterChain.java:140) ~[tomcat-embed-core-10.1.42.jar:10.1.42]
	at org.springframework.web.filter.CharacterEncodingFilter.doFilterInternal(CharacterEncodingFilter.java:201) ~[spring-web-6.2.8.jar:6.2.8]
	at org.springframework.web.filter.OncePerRequestFilter.doFilter(OncePerRequestFilter.java:116) ~[spring-web-6.2.8.jar:6.2.8]
	at org.apache.catalina.core.ApplicationFilterChain.internalDoFilter(ApplicationFilterChain.java:164) ~[tomcat-embed-core-10.1.42.jar:10.1.42]
	at org.apache.catalina.core.ApplicationFilterChain.doFilter(ApplicationFilterChain.java:140) ~[tomcat-embed-core-10.1.42.jar:10.1.42]
	at org.apache.catalina.core.StandardWrapperValve.invoke(StandardWrapperValve.java:167) ~[tomcat-embed-core-10.1.42.jar:10.1.42]
	at org.apache.catalina.core.StandardContextValve.invoke(StandardContextValve.java:90) ~[tomcat-embed-core-10.1.42.jar:10.1.42]
	at org.apache.catalina.authenticator.AuthenticatorBase.invoke(AuthenticatorBase.java:483) ~[tomcat-embed-core-10.1.42.jar:10.1.42]
	at org.apache.catalina.core.StandardHostValve.invoke(StandardHostValve.java:116) ~[tomcat-embed-core-10.1.42.jar:10.1.42]
	at org.apache.catalina.valves.ErrorReportValve.invoke(ErrorReportValve.java:93) ~[tomcat-embed-core-10.1.42.jar:10.1.42]
	at org.apache.catalina.core.StandardEngineValve.invoke(StandardEngineValve.java:74) ~[tomcat-embed-core-10.1.42.jar:10.1.42]
	at org.apache.catalina.connector.CoyoteAdapter.service(CoyoteAdapter.java:344) ~[tomcat-embed-core-10.1.42.jar:10.1.42]
	at org.apache.coyote.http11.Http11Processor.service(Http11Processor.java:398) ~[tomcat-embed-core-10.1.42.jar:10.1.42]
	at org.apache.coyote.AbstractProcessorLight.process(AbstractProcessorLight.java:63) ~[tomcat-embed-core-10.1.42.jar:10.1.42]
	at org.apache.coyote.AbstractProtocol$ConnectionHandler.process(AbstractProtocol.java:903) ~[tomcat-embed-core-10.1.42.jar:10.1.42]
	at org.apache.tomcat.util.net.NioEndpoint$SocketProcessor.doRun(NioEndpoint.java:1769) ~[tomcat-embed-core-10.1.42.jar:10.1.42]
	at org.apache.tomcat.util.net.SocketProcessorBase.run(SocketProcessorBase.java:52) ~[tomcat-embed-core-10.1.42.jar:10.1.42]
	at org.apache.tomcat.util.threads.ThreadPoolExecutor.runWorker(ThreadPoolExecutor.java:1189) ~[tomcat-embed-core-10.1.42.jar:10.1.42]
	at org.apache.tomcat.util.threads.ThreadPoolExecutor$Worker.run(ThreadPoolExecutor.java:658) ~[tomcat-embed-core-10.1.42.jar:10.1.42]
	at org.apache.tomcat.util.threads.TaskThread$WrappingRunnable.run(TaskThread.java:63) ~[tomcat-embed-core-10.1.42.jar:10.1.42]
	at java.base/java.lang.Thread.run(Thread.java:833) ~[na:na]

2025-07-24T15:48:37.353+07:00  INFO 7236 --- [library_management] [File Watcher] rtingClassPathChangeChangedEventListener : Restarting due to 1 class path change (0 additions, 0 deletions, 1 modification)
2025-07-24T15:48:37.358+07:00  INFO 7236 --- [library_management] [Thread-5] o.s.b.w.e.tomcat.GracefulShutdown        : Commencing graceful shutdown. Waiting for active requests to complete
2025-07-24T15:48:37.542+07:00  INFO 7236 --- [library_management] [tomcat-shutdown] o.s.b.w.e.tomcat.GracefulShutdown        : Graceful shutdown complete
2025-07-24T15:48:37.548+07:00  INFO 7236 --- [library_management] [Thread-5] j.LocalContainerEntityManagerFactoryBean : Closing JPA EntityManagerFactory for persistence unit 'default'
2025-07-24T15:48:37.552+07:00  INFO 7236 --- [library_management] [Thread-5] com.zaxxer.hikari.HikariDataSource       : HikariPool-1 - Shutdown initiated...
2025-07-24T15:48:37.562+07:00  INFO 7236 --- [library_management] [Thread-5] com.zaxxer.hikari.HikariDataSource       : HikariPool-1 - Shutdown completed.
2025-07-24T15:48:37.708+07:00  INFO 7236 --- [library_management] [restartedMain] o.e.l.LibraryManagementApplication       : Starting LibraryManagementApplication using Java 17 with PID 7236 (F:\CodeGym\Module_4\Module_4\ss9_aop_exception_handeling\bai_tap\library_management\build\classes\java\main started by ADMIN in F:\CodeGym\Module_4\Module_4\ss9_aop_exception_handeling\bai_tap\library_management)
2025-07-24T15:48:37.708+07:00  INFO 7236 --- [library_management] [restartedMain] o.e.l.LibraryManagementApplication       : No active profile set, falling back to 1 default profile: "default"
2025-07-24T15:48:37.879+07:00  INFO 7236 --- [library_management] [restartedMain] .s.d.r.c.RepositoryConfigurationDelegate : Bootstrapping Spring Data JPA repositories in DEFAULT mode.
2025-07-24T15:48:37.892+07:00  INFO 7236 --- [library_management] [restartedMain] .s.d.r.c.RepositoryConfigurationDelegate : Finished Spring Data repository scanning in 12 ms. Found 2 JPA repository interfaces.
2025-07-24T15:48:38.021+07:00  INFO 7236 --- [library_management] [restartedMain] o.s.b.w.embedded.tomcat.TomcatWebServer  : Tomcat initialized with port 8080 (http)
2025-07-24T15:48:38.022+07:00  INFO 7236 --- [library_management] [restartedMain] o.apache.catalina.core.StandardService   : Starting service [Tomcat]
2025-07-24T15:48:38.022+07:00  INFO 7236 --- [library_management] [restartedMain] o.apache.catalina.core.StandardEngine    : Starting Servlet engine: [Apache Tomcat/10.1.42]
2025-07-24T15:48:38.037+07:00  INFO 7236 --- [library_management] [restartedMain] o.a.c.c.C.[Tomcat].[localhost].[/]       : Initializing Spring embedded WebApplicationContext
2025-07-24T15:48:38.037+07:00  INFO 7236 --- [library_management] [restartedMain] w.s.c.ServletWebServerApplicationContext : Root WebApplicationContext: initialization completed in 326 ms
2025-07-24T15:48:38.078+07:00  INFO 7236 --- [library_management] [restartedMain] o.hibernate.jpa.internal.util.LogHelper  : HHH000204: Processing PersistenceUnitInfo [name: default]
2025-07-24T15:48:38.080+07:00  INFO 7236 --- [library_management] [restartedMain] o.h.c.internal.RegionFactoryInitiator    : HHH000026: Second-level cache disabled
2025-07-24T15:48:38.090+07:00  INFO 7236 --- [library_management] [restartedMain] o.s.o.j.p.SpringPersistenceUnitInfo      : No LoadTimeWeaver setup: ignoring JPA class transformer
2025-07-24T15:48:38.091+07:00  INFO 7236 --- [library_management] [restartedMain] com.zaxxer.hikari.HikariDataSource       : HikariPool-2 - Starting...
2025-07-24T15:48:38.105+07:00  INFO 7236 --- [library_management] [restartedMain] com.zaxxer.hikari.pool.HikariPool        : HikariPool-2 - Added connection com.mysql.cj.jdbc.ConnectionImpl@3ffc11b8
2025-07-24T15:48:38.105+07:00  INFO 7236 --- [library_management] [restartedMain] com.zaxxer.hikari.HikariDataSource       : HikariPool-2 - Start completed.
2025-07-24T15:48:38.106+07:00  INFO 7236 --- [library_management] [restartedMain] org.hibernate.orm.connections.pooling    : HHH10001005: Database info:
	Database JDBC URL [Connecting through datasource 'HikariDataSource (HikariPool-2)']
	Database driver: undefined/unknown
	Database version: 8.0.42
	Autocommit mode: undefined/unknown
	Isolation level: undefined/unknown
	Minimum pool size: undefined/unknown
	Maximum pool size: undefined/unknown
2025-07-24T15:48:38.166+07:00  INFO 7236 --- [library_management] [restartedMain] o.h.e.t.j.p.i.JtaPlatformInitiator       : HHH000489: No JTA platform available (set 'hibernate.transaction.jta.platform' to enable JTA platform integration)
2025-07-24T15:48:38.178+07:00  INFO 7236 --- [library_management] [restartedMain] j.LocalContainerEntityManagerFactoryBean : Initialized JPA EntityManagerFactory for persistence unit 'default'
2025-07-24T15:48:38.386+07:00  WARN 7236 --- [library_management] [restartedMain] JpaBaseConfiguration$JpaWebConfiguration : spring.jpa.open-in-view is enabled by default. Therefore, database queries may be performed during view rendering. Explicitly configure spring.jpa.open-in-view to disable this warning
2025-07-24T15:48:38.401+07:00  INFO 7236 --- [library_management] [restartedMain] o.s.b.a.w.s.WelcomePageHandlerMapping    : Adding welcome page template: index
2025-07-24T15:48:38.628+07:00  INFO 7236 --- [library_management] [restartedMain] o.s.b.d.a.OptionalLiveReloadServer       : LiveReload server is running on port 35729
2025-07-24T15:48:38.649+07:00  INFO 7236 --- [library_management] [restartedMain] o.s.b.w.embedded.tomcat.TomcatWebServer  : Tomcat started on port 8080 (http) with context path '/'
2025-07-24T15:48:38.654+07:00  INFO 7236 --- [library_management] [restartedMain] o.e.l.LibraryManagementApplication       : Started LibraryManagementApplication in 0.993 seconds (process running for 389.697)
2025-07-24T15:48:38.664+07:00  INFO 7236 --- [library_management] [restartedMain] .ConditionEvaluationDeltaLoggingListener : Condition evaluation unchanged
2025-07-24T15:48:56.985+07:00  INFO 7236 --- [library_management] [SpringApplicationShutdownHook] o.s.b.w.e.tomcat.GracefulShutdown        : Commencing graceful shutdown. Waiting for active requests to complete
2025-07-24T15:48:57.156+07:00  INFO 7236 --- [library_management] [tomcat-shutdown] o.s.b.w.e.tomcat.GracefulShutdown        : Graceful shutdown complete
2025-07-24T15:48:57.159+07:00  INFO 7236 --- [library_management] [SpringApplicationShutdownHook] j.LocalContainerEntityManagerFactoryBean : Closing JPA EntityManagerFactory for persistence unit 'default'
2025-07-24T15:48:57.160+07:00  INFO 7236 --- [library_management] [SpringApplicationShutdownHook] com.zaxxer.hikari.HikariDataSource       : HikariPool-2 - Shutdown initiated...
2025-07-24T15:48:57.166+07:00  INFO 7236 --- [library_management] [SpringApplicationShutdownHook] com.zaxxer.hikari.HikariDataSource       : HikariPool-2 - Shutdown completed.
2025-07-24T15:49:01.088+07:00  INFO 15772 --- [library_management] [restartedMain] o.e.l.LibraryManagementApplication       : Starting LibraryManagementApplication using Java 17 with PID 15772 (F:\CodeGym\Module_4\Module_4\ss9_aop_exception_handeling\bai_tap\library_management\build\classes\java\main started by ADMIN in F:\CodeGym\Module_4\Module_4\ss9_aop_exception_handeling\bai_tap\library_management)
2025-07-24T15:49:01.095+07:00  INFO 15772 --- [library_management] [restartedMain] o.e.l.LibraryManagementApplication       : No active profile set, falling back to 1 default profile: "default"
2025-07-24T15:49:01.221+07:00  INFO 15772 --- [library_management] [restartedMain] .e.DevToolsPropertyDefaultsPostProcessor : Devtools property defaults active! Set 'spring.devtools.add-properties' to 'false' to disable
2025-07-24T15:49:01.222+07:00  INFO 15772 --- [library_management] [restartedMain] .e.DevToolsPropertyDefaultsPostProcessor : For additional web related logging consider setting the 'logging.level.web' property to 'DEBUG'
2025-07-24T15:49:02.383+07:00  INFO 15772 --- [library_management] [restartedMain] .s.d.r.c.RepositoryConfigurationDelegate : Bootstrapping Spring Data JPA repositories in DEFAULT mode.
2025-07-24T15:49:02.462+07:00  INFO 15772 --- [library_management] [restartedMain] .s.d.r.c.RepositoryConfigurationDelegate : Finished Spring Data repository scanning in 59 ms. Found 2 JPA repository interfaces.
2025-07-24T15:49:03.555+07:00  INFO 15772 --- [library_management] [restartedMain] o.s.b.w.embedded.tomcat.TomcatWebServer  : Tomcat initialized with port 8080 (http)
2025-07-24T15:49:03.573+07:00  INFO 15772 --- [library_management] [restartedMain] o.apache.catalina.core.StandardService   : Starting service [Tomcat]
2025-07-24T15:49:03.574+07:00  INFO 15772 --- [library_management] [restartedMain] o.apache.catalina.core.StandardEngine    : Starting Servlet engine: [Apache Tomcat/10.1.42]
2025-07-24T15:49:03.688+07:00  INFO 15772 --- [library_management] [restartedMain] o.a.c.c.C.[Tomcat].[localhost].[/]       : Initializing Spring embedded WebApplicationContext
2025-07-24T15:49:03.692+07:00  INFO 15772 --- [library_management] [restartedMain] w.s.c.ServletWebServerApplicationContext : Root WebApplicationContext: initialization completed in 2469 ms
2025-07-24T15:49:03.973+07:00  INFO 15772 --- [library_management] [restartedMain] o.hibernate.jpa.internal.util.LogHelper  : HHH000204: Processing PersistenceUnitInfo [name: default]
2025-07-24T15:49:04.017+07:00  INFO 15772 --- [library_management] [restartedMain] org.hibernate.Version                    : HHH000412: Hibernate ORM core version 6.6.18.Final
2025-07-24T15:49:04.044+07:00  INFO 15772 --- [library_management] [restartedMain] o.h.c.internal.RegionFactoryInitiator    : HHH000026: Second-level cache disabled
2025-07-24T15:49:04.406+07:00  INFO 15772 --- [library_management] [restartedMain] o.s.o.j.p.SpringPersistenceUnitInfo      : No LoadTimeWeaver setup: ignoring JPA class transformer
2025-07-24T15:49:04.455+07:00  INFO 15772 --- [library_management] [restartedMain] com.zaxxer.hikari.HikariDataSource       : HikariPool-1 - Starting...
2025-07-24T15:49:04.843+07:00  INFO 15772 --- [library_management] [restartedMain] com.zaxxer.hikari.pool.HikariPool        : HikariPool-1 - Added connection com.mysql.cj.jdbc.ConnectionImpl@770579d4
2025-07-24T15:49:04.846+07:00  INFO 15772 --- [library_management] [restartedMain] com.zaxxer.hikari.HikariDataSource       : HikariPool-1 - Start completed.
2025-07-24T15:49:04.993+07:00  INFO 15772 --- [library_management] [restartedMain] org.hibernate.orm.connections.pooling    : HHH10001005: Database info:
	Database JDBC URL [Connecting through datasource 'HikariDataSource (HikariPool-1)']
	Database driver: undefined/unknown
	Database version: 8.0.42
	Autocommit mode: undefined/unknown
	Isolation level: undefined/unknown
	Minimum pool size: undefined/unknown
	Maximum pool size: undefined/unknown
2025-07-24T15:49:06.098+07:00  INFO 15772 --- [library_management] [restartedMain] o.h.e.t.j.p.i.JtaPlatformInitiator       : HHH000489: No JTA platform available (set 'hibernate.transaction.jta.platform' to enable JTA platform integration)
2025-07-24T15:49:06.433+07:00  INFO 15772 --- [library_management] [restartedMain] j.LocalContainerEntityManagerFactoryBean : Initialized JPA EntityManagerFactory for persistence unit 'default'
2025-07-24T15:49:07.081+07:00  WARN 15772 --- [library_management] [restartedMain] JpaBaseConfiguration$JpaWebConfiguration : spring.jpa.open-in-view is enabled by default. Therefore, database queries may be performed during view rendering. Explicitly configure spring.jpa.open-in-view to disable this warning
2025-07-24T15:49:07.118+07:00  INFO 15772 --- [library_management] [restartedMain] o.s.b.a.w.s.WelcomePageHandlerMapping    : Adding welcome page template: index
2025-07-24T15:49:07.666+07:00  INFO 15772 --- [library_management] [restartedMain] o.s.b.d.a.OptionalLiveReloadServer       : LiveReload server is running on port 35729
2025-07-24T15:49:07.722+07:00  INFO 15772 --- [library_management] [restartedMain] o.s.b.w.embedded.tomcat.TomcatWebServer  : Tomcat started on port 8080 (http) with context path '/'
2025-07-24T15:49:07.739+07:00  INFO 15772 --- [library_management] [restartedMain] o.e.l.LibraryManagementApplication       : Started LibraryManagementApplication in 7.283 seconds (process running for 8.325)
2025-07-24T15:49:07.811+07:00  INFO 15772 --- [library_management] [http-nio-8080-exec-1] o.a.c.c.C.[Tomcat].[localhost].[/]       : Initializing Spring DispatcherServlet 'dispatcherServlet'
2025-07-24T15:49:07.811+07:00  INFO 15772 --- [library_management] [http-nio-8080-exec-1] o.s.web.servlet.DispatcherServlet        : Initializing Servlet 'dispatcherServlet'
2025-07-24T15:49:07.812+07:00  INFO 15772 --- [library_management] [http-nio-8080-exec-1] o.s.web.servlet.DispatcherServlet        : Completed initialization in 1 ms
2025-07-24T15:50:34.077+07:00  INFO 15772 --- [library_management] [http-nio-8080-exec-6] o.e.l.Aspect.BookAspect                  : Phương thức 'returnBook' đã được gọi thành công
2025-07-24T15:59:51.477+07:00  INFO 15772 --- [library_management] [File Watcher] rtingClassPathChangeChangedEventListener : Restarting due to 1 class path change (0 additions, 1 deletion, 0 modifications)
2025-07-24T15:59:51.487+07:00  INFO 15772 --- [library_management] [Thread-5] o.s.b.w.e.tomcat.GracefulShutdown        : Commencing graceful shutdown. Waiting for active requests to complete
2025-07-24T15:59:51.640+07:00  INFO 15772 --- [library_management] [tomcat-shutdown] o.s.b.w.e.tomcat.GracefulShutdown        : Graceful shutdown complete
2025-07-24T15:59:51.646+07:00  INFO 15772 --- [library_management] [Thread-5] j.LocalContainerEntityManagerFactoryBean : Closing JPA EntityManagerFactory for persistence unit 'default'
2025-07-24T15:59:51.649+07:00  INFO 15772 --- [library_management] [Thread-5] com.zaxxer.hikari.HikariDataSource       : HikariPool-1 - Shutdown initiated...
2025-07-24T15:59:51.656+07:00  INFO 15772 --- [library_management] [Thread-5] com.zaxxer.hikari.HikariDataSource       : HikariPool-1 - Shutdown completed.
2025-07-24T15:59:51.787+07:00  INFO 15772 --- [library_management] [restartedMain] o.e.l.LibraryManagementApplication       : Starting LibraryManagementApplication using Java 17 with PID 15772 (F:\CodeGym\Module_4\Module_4\ss9_aop_exception_handeling\bai_tap\library_management\build\classes\java\main started by ADMIN in F:\CodeGym\Module_4\Module_4\ss9_aop_exception_handeling\bai_tap\library_management)
2025-07-24T15:59:51.788+07:00  INFO 15772 --- [library_management] [restartedMain] o.e.l.LibraryManagementApplication       : No active profile set, falling back to 1 default profile: "default"
2025-07-24T15:59:51.960+07:00  INFO 15772 --- [library_management] [restartedMain] .s.d.r.c.RepositoryConfigurationDelegate : Bootstrapping Spring Data JPA repositories in DEFAULT mode.
2025-07-24T15:59:51.974+07:00  INFO 15772 --- [library_management] [restartedMain] .s.d.r.c.RepositoryConfigurationDelegate : Finished Spring Data repository scanning in 12 ms. Found 2 JPA repository interfaces.
2025-07-24T15:59:52.150+07:00  INFO 15772 --- [library_management] [restartedMain] o.s.b.w.embedded.tomcat.TomcatWebServer  : Tomcat initialized with port 8080 (http)
2025-07-24T15:59:52.151+07:00  INFO 15772 --- [library_management] [restartedMain] o.apache.catalina.core.StandardService   : Starting service [Tomcat]
2025-07-24T15:59:52.151+07:00  INFO 15772 --- [library_management] [restartedMain] o.apache.catalina.core.StandardEngine    : Starting Servlet engine: [Apache Tomcat/10.1.42]
2025-07-24T15:59:52.167+07:00  INFO 15772 --- [library_management] [restartedMain] o.a.c.c.C.[Tomcat].[localhost].[/]       : Initializing Spring embedded WebApplicationContext
2025-07-24T15:59:52.167+07:00  INFO 15772 --- [library_management] [restartedMain] w.s.c.ServletWebServerApplicationContext : Root WebApplicationContext: initialization completed in 377 ms
2025-07-24T15:59:52.215+07:00  INFO 15772 --- [library_management] [restartedMain] o.hibernate.jpa.internal.util.LogHelper  : HHH000204: Processing PersistenceUnitInfo [name: default]
2025-07-24T15:59:52.219+07:00  INFO 15772 --- [library_management] [restartedMain] o.h.c.internal.RegionFactoryInitiator    : HHH000026: Second-level cache disabled
2025-07-24T15:59:52.233+07:00  INFO 15772 --- [library_management] [restartedMain] o.s.o.j.p.SpringPersistenceUnitInfo      : No LoadTimeWeaver setup: ignoring JPA class transformer
2025-07-24T15:59:52.235+07:00  INFO 15772 --- [library_management] [restartedMain] com.zaxxer.hikari.HikariDataSource       : HikariPool-2 - Starting...
2025-07-24T15:59:52.256+07:00  INFO 15772 --- [library_management] [restartedMain] com.zaxxer.hikari.pool.HikariPool        : HikariPool-2 - Added connection com.mysql.cj.jdbc.ConnectionImpl@3142f50
2025-07-24T15:59:52.257+07:00  INFO 15772 --- [library_management] [restartedMain] com.zaxxer.hikari.HikariDataSource       : HikariPool-2 - Start completed.
2025-07-24T15:59:52.260+07:00  INFO 15772 --- [library_management] [restartedMain] org.hibernate.orm.connections.pooling    : HHH10001005: Database info:
	Database JDBC URL [Connecting through datasource 'HikariDataSource (HikariPool-2)']
	Database driver: undefined/unknown
	Database version: 8.0.42
	Autocommit mode: undefined/unknown
	Isolation level: undefined/unknown
	Minimum pool size: undefined/unknown
	Maximum pool size: undefined/unknown
2025-07-24T15:59:52.342+07:00  INFO 15772 --- [library_management] [restartedMain] o.h.e.t.j.p.i.JtaPlatformInitiator       : HHH000489: No JTA platform available (set 'hibernate.transaction.jta.platform' to enable JTA platform integration)
2025-07-24T15:59:52.356+07:00  INFO 15772 --- [library_management] [restartedMain] j.LocalContainerEntityManagerFactoryBean : Initialized JPA EntityManagerFactory for persistence unit 'default'
2025-07-24T15:59:52.557+07:00  WARN 15772 --- [library_management] [restartedMain] JpaBaseConfiguration$JpaWebConfiguration : spring.jpa.open-in-view is enabled by default. Therefore, database queries may be performed during view rendering. Explicitly configure spring.jpa.open-in-view to disable this warning
2025-07-24T15:59:52.579+07:00  INFO 15772 --- [library_management] [restartedMain] o.s.b.a.w.s.WelcomePageHandlerMapping    : Adding welcome page template: index
2025-07-24T15:59:52.902+07:00  INFO 15772 --- [library_management] [restartedMain] o.s.b.d.a.OptionalLiveReloadServer       : LiveReload server is running on port 35729
2025-07-24T15:59:52.938+07:00  INFO 15772 --- [library_management] [restartedMain] o.s.b.w.embedded.tomcat.TomcatWebServer  : Tomcat started on port 8080 (http) with context path '/'
2025-07-24T15:59:52.943+07:00  INFO 15772 --- [library_management] [restartedMain] o.e.l.LibraryManagementApplication       : Started LibraryManagementApplication in 1.215 seconds (process running for 653.529)
2025-07-24T15:59:52.945+07:00  INFO 15772 --- [library_management] [restartedMain] .ConditionEvaluationDeltaLoggingListener : Condition evaluation unchanged
2025-07-24T15:59:54.328+07:00  INFO 15772 --- [library_management] [File Watcher] rtingClassPathChangeChangedEventListener : Restarting due to 1 class path change (1 addition, 0 deletions, 0 modifications)
2025-07-24T15:59:54.331+07:00  INFO 15772 --- [library_management] [Thread-7] o.s.b.w.e.tomcat.GracefulShutdown        : Commencing graceful shutdown. Waiting for active requests to complete
2025-07-24T15:59:54.512+07:00  INFO 15772 --- [library_management] [tomcat-shutdown] o.s.b.w.e.tomcat.GracefulShutdown        : Graceful shutdown complete
2025-07-24T15:59:54.516+07:00  INFO 15772 --- [library_management] [Thread-7] j.LocalContainerEntityManagerFactoryBean : Closing JPA EntityManagerFactory for persistence unit 'default'
2025-07-24T15:59:54.517+07:00  INFO 15772 --- [library_management] [Thread-7] com.zaxxer.hikari.HikariDataSource       : HikariPool-2 - Shutdown initiated...
2025-07-24T15:59:54.526+07:00  INFO 15772 --- [library_management] [Thread-7] com.zaxxer.hikari.HikariDataSource       : HikariPool-2 - Shutdown completed.
2025-07-24T15:59:54.660+07:00  INFO 15772 --- [library_management] [restartedMain] o.e.l.LibraryManagementApplication       : Starting LibraryManagementApplication using Java 17 with PID 15772 (F:\CodeGym\Module_4\Module_4\ss9_aop_exception_handeling\bai_tap\library_management\build\classes\java\main started by ADMIN in F:\CodeGym\Module_4\Module_4\ss9_aop_exception_handeling\bai_tap\library_management)
2025-07-24T15:59:54.660+07:00  INFO 15772 --- [library_management] [restartedMain] o.e.l.LibraryManagementApplication       : No active profile set, falling back to 1 default profile: "default"
2025-07-24T15:59:54.829+07:00  INFO 15772 --- [library_management] [restartedMain] .s.d.r.c.RepositoryConfigurationDelegate : Bootstrapping Spring Data JPA repositories in DEFAULT mode.
2025-07-24T15:59:54.866+07:00  INFO 15772 --- [library_management] [restartedMain] .s.d.r.c.RepositoryConfigurationDelegate : Finished Spring Data repository scanning in 34 ms. Found 2 JPA repository interfaces.
2025-07-24T15:59:55.031+07:00  INFO 15772 --- [library_management] [restartedMain] o.s.b.w.embedded.tomcat.TomcatWebServer  : Tomcat initialized with port 8080 (http)
2025-07-24T15:59:55.032+07:00  INFO 15772 --- [library_management] [restartedMain] o.apache.catalina.core.StandardService   : Starting service [Tomcat]
2025-07-24T15:59:55.032+07:00  INFO 15772 --- [library_management] [restartedMain] o.apache.catalina.core.StandardEngine    : Starting Servlet engine: [Apache Tomcat/10.1.42]
2025-07-24T15:59:55.054+07:00  INFO 15772 --- [library_management] [restartedMain] o.a.c.c.C.[Tomcat].[localhost].[/]       : Initializing Spring embedded WebApplicationContext
2025-07-24T15:59:55.054+07:00  INFO 15772 --- [library_management] [restartedMain] w.s.c.ServletWebServerApplicationContext : Root WebApplicationContext: initialization completed in 392 ms
2025-07-24T15:59:55.103+07:00  INFO 15772 --- [library_management] [restartedMain] o.hibernate.jpa.internal.util.LogHelper  : HHH000204: Processing PersistenceUnitInfo [name: default]
2025-07-24T15:59:55.105+07:00  INFO 15772 --- [library_management] [restartedMain] o.h.c.internal.RegionFactoryInitiator    : HHH000026: Second-level cache disabled
2025-07-24T15:59:55.112+07:00  INFO 15772 --- [library_management] [restartedMain] o.s.o.j.p.SpringPersistenceUnitInfo      : No LoadTimeWeaver setup: ignoring JPA class transformer
2025-07-24T15:59:55.113+07:00  INFO 15772 --- [library_management] [restartedMain] com.zaxxer.hikari.HikariDataSource       : HikariPool-3 - Starting...
2025-07-24T15:59:55.129+07:00  INFO 15772 --- [library_management] [restartedMain] com.zaxxer.hikari.pool.HikariPool        : HikariPool-3 - Added connection com.mysql.cj.jdbc.ConnectionImpl@1032060b
2025-07-24T15:59:55.129+07:00  INFO 15772 --- [library_management] [restartedMain] com.zaxxer.hikari.HikariDataSource       : HikariPool-3 - Start completed.
2025-07-24T15:59:55.130+07:00  INFO 15772 --- [library_management] [restartedMain] org.hibernate.orm.connections.pooling    : HHH10001005: Database info:
	Database JDBC URL [Connecting through datasource 'HikariDataSource (HikariPool-3)']
	Database driver: undefined/unknown
	Database version: 8.0.42
	Autocommit mode: undefined/unknown
	Isolation level: undefined/unknown
	Minimum pool size: undefined/unknown
	Maximum pool size: undefined/unknown
2025-07-24T15:59:55.196+07:00  INFO 15772 --- [library_management] [restartedMain] o.h.e.t.j.p.i.JtaPlatformInitiator       : HHH000489: No JTA platform available (set 'hibernate.transaction.jta.platform' to enable JTA platform integration)
2025-07-24T15:59:55.205+07:00  INFO 15772 --- [library_management] [restartedMain] j.LocalContainerEntityManagerFactoryBean : Initialized JPA EntityManagerFactory for persistence unit 'default'
2025-07-24T15:59:55.371+07:00  WARN 15772 --- [library_management] [restartedMain] JpaBaseConfiguration$JpaWebConfiguration : spring.jpa.open-in-view is enabled by default. Therefore, database queries may be performed during view rendering. Explicitly configure spring.jpa.open-in-view to disable this warning
2025-07-24T15:59:55.387+07:00  INFO 15772 --- [library_management] [restartedMain] o.s.b.a.w.s.WelcomePageHandlerMapping    : Adding welcome page template: index
2025-07-24T15:59:55.559+07:00  INFO 15772 --- [library_management] [restartedMain] o.s.b.d.a.OptionalLiveReloadServer       : LiveReload server is running on port 35729
2025-07-24T15:59:55.572+07:00  INFO 15772 --- [library_management] [restartedMain] o.s.b.w.embedded.tomcat.TomcatWebServer  : Tomcat started on port 8080 (http) with context path '/'
2025-07-24T15:59:55.576+07:00  INFO 15772 --- [library_management] [restartedMain] o.e.l.LibraryManagementApplication       : Started LibraryManagementApplication in 0.954 seconds (process running for 656.162)
2025-07-24T15:59:55.577+07:00  INFO 15772 --- [library_management] [restartedMain] .ConditionEvaluationDeltaLoggingListener : Condition evaluation unchanged
2025-07-24T16:02:29.674+07:00  INFO 15772 --- [library_management] [File Watcher] rtingClassPathChangeChangedEventListener : Restarting due to 1 class path change (1 addition, 0 deletions, 0 modifications)
2025-07-24T16:02:29.678+07:00  INFO 15772 --- [library_management] [Thread-11] o.s.b.w.e.tomcat.GracefulShutdown        : Commencing graceful shutdown. Waiting for active requests to complete
2025-07-24T16:02:29.854+07:00  INFO 15772 --- [library_management] [tomcat-shutdown] o.s.b.w.e.tomcat.GracefulShutdown        : Graceful shutdown complete
2025-07-24T16:02:29.858+07:00  INFO 15772 --- [library_management] [Thread-11] j.LocalContainerEntityManagerFactoryBean : Closing JPA EntityManagerFactory for persistence unit 'default'
2025-07-24T16:02:29.859+07:00  INFO 15772 --- [library_management] [Thread-11] com.zaxxer.hikari.HikariDataSource       : HikariPool-3 - Shutdown initiated...
2025-07-24T16:02:29.867+07:00  INFO 15772 --- [library_management] [Thread-11] com.zaxxer.hikari.HikariDataSource       : HikariPool-3 - Shutdown completed.
2025-07-24T16:02:29.987+07:00  INFO 15772 --- [library_management] [restartedMain] o.e.l.LibraryManagementApplication       : Starting LibraryManagementApplication using Java 17 with PID 15772 (F:\CodeGym\Module_4\Module_4\ss9_aop_exception_handeling\bai_tap\library_management\build\classes\java\main started by ADMIN in F:\CodeGym\Module_4\Module_4\ss9_aop_exception_handeling\bai_tap\library_management)
2025-07-24T16:02:29.987+07:00  INFO 15772 --- [library_management] [restartedMain] o.e.l.LibraryManagementApplication       : No active profile set, falling back to 1 default profile: "default"
2025-07-24T16:02:30.184+07:00  INFO 15772 --- [library_management] [restartedMain] .s.d.r.c.RepositoryConfigurationDelegate : Bootstrapping Spring Data JPA repositories in DEFAULT mode.
2025-07-24T16:02:30.199+07:00  INFO 15772 --- [library_management] [restartedMain] .s.d.r.c.RepositoryConfigurationDelegate : Finished Spring Data repository scanning in 14 ms. Found 2 JPA repository interfaces.
2025-07-24T16:02:30.311+07:00  INFO 15772 --- [library_management] [restartedMain] o.s.b.w.embedded.tomcat.TomcatWebServer  : Tomcat initialized with port 8080 (http)
2025-07-24T16:02:30.312+07:00  INFO 15772 --- [library_management] [restartedMain] o.apache.catalina.core.StandardService   : Starting service [Tomcat]
2025-07-24T16:02:30.312+07:00  INFO 15772 --- [library_management] [restartedMain] o.apache.catalina.core.StandardEngine    : Starting Servlet engine: [Apache Tomcat/10.1.42]
2025-07-24T16:02:30.374+07:00  INFO 15772 --- [library_management] [restartedMain] o.a.c.c.C.[Tomcat].[localhost].[/]       : Initializing Spring embedded WebApplicationContext
2025-07-24T16:02:30.374+07:00  INFO 15772 --- [library_management] [restartedMain] w.s.c.ServletWebServerApplicationContext : Root WebApplicationContext: initialization completed in 385 ms
2025-07-24T16:02:30.436+07:00  INFO 15772 --- [library_management] [restartedMain] o.hibernate.jpa.internal.util.LogHelper  : HHH000204: Processing PersistenceUnitInfo [name: default]
2025-07-24T16:02:30.439+07:00  INFO 15772 --- [library_management] [restartedMain] o.h.c.internal.RegionFactoryInitiator    : HHH000026: Second-level cache disabled
2025-07-24T16:02:30.448+07:00  INFO 15772 --- [library_management] [restartedMain] o.s.o.j.p.SpringPersistenceUnitInfo      : No LoadTimeWeaver setup: ignoring JPA class transformer
2025-07-24T16:02:30.450+07:00  INFO 15772 --- [library_management] [restartedMain] com.zaxxer.hikari.HikariDataSource       : HikariPool-4 - Starting...
2025-07-24T16:02:30.470+07:00  INFO 15772 --- [library_management] [restartedMain] com.zaxxer.hikari.pool.HikariPool        : HikariPool-4 - Added connection com.mysql.cj.jdbc.ConnectionImpl@4be3d964
2025-07-24T16:02:30.471+07:00  INFO 15772 --- [library_management] [restartedMain] com.zaxxer.hikari.HikariDataSource       : HikariPool-4 - Start completed.
2025-07-24T16:02:30.473+07:00  INFO 15772 --- [library_management] [restartedMain] org.hibernate.orm.connections.pooling    : HHH10001005: Database info:
	Database JDBC URL [Connecting through datasource 'HikariDataSource (HikariPool-4)']
	Database driver: undefined/unknown
	Database version: 8.0.42
	Autocommit mode: undefined/unknown
	Isolation level: undefined/unknown
	Minimum pool size: undefined/unknown
	Maximum pool size: undefined/unknown
2025-07-24T16:02:30.533+07:00  INFO 15772 --- [library_management] [restartedMain] o.h.e.t.j.p.i.JtaPlatformInitiator       : HHH000489: No JTA platform available (set 'hibernate.transaction.jta.platform' to enable JTA platform integration)
2025-07-24T16:02:30.546+07:00  INFO 15772 --- [library_management] [restartedMain] j.LocalContainerEntityManagerFactoryBean : Initialized JPA EntityManagerFactory for persistence unit 'default'
2025-07-24T16:02:30.730+07:00  WARN 15772 --- [library_management] [restartedMain] JpaBaseConfiguration$JpaWebConfiguration : spring.jpa.open-in-view is enabled by default. Therefore, database queries may be performed during view rendering. Explicitly configure spring.jpa.open-in-view to disable this warning
2025-07-24T16:02:30.744+07:00  INFO 15772 --- [library_management] [restartedMain] o.s.b.a.w.s.WelcomePageHandlerMapping    : Adding welcome page template: index
2025-07-24T16:02:30.938+07:00  INFO 15772 --- [library_management] [restartedMain] o.s.b.d.a.OptionalLiveReloadServer       : LiveReload server is running on port 35729
2025-07-24T16:02:30.951+07:00  INFO 15772 --- [library_management] [restartedMain] o.s.b.w.embedded.tomcat.TomcatWebServer  : Tomcat started on port 8080 (http) with context path '/'
2025-07-24T16:02:30.955+07:00  INFO 15772 --- [library_management] [restartedMain] o.e.l.LibraryManagementApplication       : Started LibraryManagementApplication in 1.001 seconds (process running for 811.541)
2025-07-24T16:02:30.956+07:00  INFO 15772 --- [library_management] [restartedMain] .ConditionEvaluationDeltaLoggingListener : Condition evaluation unchanged
2025-07-24T16:03:14.395+07:00  INFO 15772 --- [library_management] [SpringApplicationShutdownHook] o.s.b.w.e.tomcat.GracefulShutdown        : Commencing graceful shutdown. Waiting for active requests to complete
2025-07-24T16:03:14.572+07:00  INFO 15772 --- [library_management] [tomcat-shutdown] o.s.b.w.e.tomcat.GracefulShutdown        : Graceful shutdown complete
2025-07-24T16:03:14.574+07:00  INFO 15772 --- [library_management] [SpringApplicationShutdownHook] j.LocalContainerEntityManagerFactoryBean : Closing JPA EntityManagerFactory for persistence unit 'default'
2025-07-24T16:03:14.575+07:00  INFO 15772 --- [library_management] [SpringApplicationShutdownHook] com.zaxxer.hikari.HikariDataSource       : HikariPool-4 - Shutdown initiated...
2025-07-24T16:03:14.580+07:00  INFO 15772 --- [library_management] [SpringApplicationShutdownHook] com.zaxxer.hikari.HikariDataSource       : HikariPool-4 - Shutdown completed.
2025-07-24T16:03:18.007+07:00  INFO 17540 --- [library_management] [restartedMain] o.e.l.LibraryManagementApplication       : Starting LibraryManagementApplication using Java 17 with PID 17540 (F:\CodeGym\Module_4\Module_4\ss9_aop_exception_handeling\bai_tap\library_management\build\classes\java\main started by ADMIN in F:\CodeGym\Module_4\Module_4\ss9_aop_exception_handeling\bai_tap\library_management)
2025-07-24T16:03:18.011+07:00  INFO 17540 --- [library_management] [restartedMain] o.e.l.LibraryManagementApplication       : No active profile set, falling back to 1 default profile: "default"
2025-07-24T16:03:18.110+07:00  INFO 17540 --- [library_management] [restartedMain] .e.DevToolsPropertyDefaultsPostProcessor : Devtools property defaults active! Set 'spring.devtools.add-properties' to 'false' to disable
2025-07-24T16:03:18.111+07:00  INFO 17540 --- [library_management] [restartedMain] .e.DevToolsPropertyDefaultsPostProcessor : For additional web related logging consider setting the 'logging.level.web' property to 'DEBUG'
2025-07-24T16:03:19.258+07:00  INFO 17540 --- [library_management] [restartedMain] .s.d.r.c.RepositoryConfigurationDelegate : Bootstrapping Spring Data JPA repositories in DEFAULT mode.
2025-07-24T16:03:19.336+07:00  INFO 17540 --- [library_management] [restartedMain] .s.d.r.c.RepositoryConfigurationDelegate : Finished Spring Data repository scanning in 66 ms. Found 2 JPA repository interfaces.
2025-07-24T16:03:20.414+07:00  INFO 17540 --- [library_management] [restartedMain] o.s.b.w.embedded.tomcat.TomcatWebServer  : Tomcat initialized with port 8080 (http)
2025-07-24T16:03:20.431+07:00  INFO 17540 --- [library_management] [restartedMain] o.apache.catalina.core.StandardService   : Starting service [Tomcat]
2025-07-24T16:03:20.432+07:00  INFO 17540 --- [library_management] [restartedMain] o.apache.catalina.core.StandardEngine    : Starting Servlet engine: [Apache Tomcat/10.1.42]
2025-07-24T16:03:20.524+07:00  INFO 17540 --- [library_management] [restartedMain] o.a.c.c.C.[Tomcat].[localhost].[/]       : Initializing Spring embedded WebApplicationContext
2025-07-24T16:03:20.525+07:00  INFO 17540 --- [library_management] [restartedMain] w.s.c.ServletWebServerApplicationContext : Root WebApplicationContext: initialization completed in 2413 ms
2025-07-24T16:03:20.788+07:00  INFO 17540 --- [library_management] [restartedMain] o.hibernate.jpa.internal.util.LogHelper  : HHH000204: Processing PersistenceUnitInfo [name: default]
2025-07-24T16:03:20.833+07:00  INFO 17540 --- [library_management] [restartedMain] org.hibernate.Version                    : HHH000412: Hibernate ORM core version 6.6.18.Final
2025-07-24T16:03:20.858+07:00  INFO 17540 --- [library_management] [restartedMain] o.h.c.internal.RegionFactoryInitiator    : HHH000026: Second-level cache disabled
2025-07-24T16:03:21.209+07:00  INFO 17540 --- [library_management] [restartedMain] o.s.o.j.p.SpringPersistenceUnitInfo      : No LoadTimeWeaver setup: ignoring JPA class transformer
2025-07-24T16:03:21.240+07:00  INFO 17540 --- [library_management] [restartedMain] com.zaxxer.hikari.HikariDataSource       : HikariPool-1 - Starting...
2025-07-24T16:03:21.607+07:00  INFO 17540 --- [library_management] [restartedMain] com.zaxxer.hikari.pool.HikariPool        : HikariPool-1 - Added connection com.mysql.cj.jdbc.ConnectionImpl@3376e4da
2025-07-24T16:03:21.610+07:00  INFO 17540 --- [library_management] [restartedMain] com.zaxxer.hikari.HikariDataSource       : HikariPool-1 - Start completed.
2025-07-24T16:03:21.738+07:00  INFO 17540 --- [library_management] [restartedMain] org.hibernate.orm.connections.pooling    : HHH10001005: Database info:
	Database JDBC URL [Connecting through datasource 'HikariDataSource (HikariPool-1)']
	Database driver: undefined/unknown
	Database version: 8.0.42
	Autocommit mode: undefined/unknown
	Isolation level: undefined/unknown
	Minimum pool size: undefined/unknown
	Maximum pool size: undefined/unknown
2025-07-24T16:03:22.945+07:00  INFO 17540 --- [library_management] [restartedMain] o.h.e.t.j.p.i.JtaPlatformInitiator       : HHH000489: No JTA platform available (set 'hibernate.transaction.jta.platform' to enable JTA platform integration)
2025-07-24T16:03:23.012+07:00  INFO 17540 --- [library_management] [restartedMain] j.LocalContainerEntityManagerFactoryBean : Initialized JPA EntityManagerFactory for persistence unit 'default'
2025-07-24T16:03:23.699+07:00  WARN 17540 --- [library_management] [restartedMain] JpaBaseConfiguration$JpaWebConfiguration : spring.jpa.open-in-view is enabled by default. Therefore, database queries may be performed during view rendering. Explicitly configure spring.jpa.open-in-view to disable this warning
2025-07-24T16:03:23.732+07:00  INFO 17540 --- [library_management] [restartedMain] o.s.b.a.w.s.WelcomePageHandlerMapping    : Adding welcome page template: index
2025-07-24T16:03:24.244+07:00  INFO 17540 --- [library_management] [restartedMain] o.s.b.d.a.OptionalLiveReloadServer       : LiveReload server is running on port 35729
2025-07-24T16:03:24.296+07:00  INFO 17540 --- [library_management] [restartedMain] o.s.b.w.embedded.tomcat.TomcatWebServer  : Tomcat started on port 8080 (http) with context path '/'
2025-07-24T16:03:24.311+07:00  INFO 17540 --- [library_management] [restartedMain] o.e.l.LibraryManagementApplication       : Started LibraryManagementApplication in 6.909 seconds (process running for 7.827)
2025-07-24T16:03:24.466+07:00  INFO 17540 --- [library_management] [http-nio-8080-exec-1] o.a.c.c.C.[Tomcat].[localhost].[/]       : Initializing Spring DispatcherServlet 'dispatcherServlet'
2025-07-24T16:03:24.466+07:00  INFO 17540 --- [library_management] [http-nio-8080-exec-1] o.s.web.servlet.DispatcherServlet        : Initializing Servlet 'dispatcherServlet'
2025-07-24T16:03:24.467+07:00  INFO 17540 --- [library_management] [http-nio-8080-exec-1] o.s.web.servlet.DispatcherServlet        : Completed initialization in 1 ms
2025-07-24T16:03:37.444+07:00  WARN 17540 --- [library_management] [http-nio-8080-exec-5] .w.s.m.s.DefaultHandlerExceptionResolver : Resolved [org.springframework.web.method.annotation.MethodArgumentTypeMismatchException: Method parameter 'id': Failed to convert value of type 'java.lang.String' to required type 'java.lang.Long'; For input string: "a"]
2025-07-24T16:03:53.130+07:00  INFO 17540 --- [library_management] [File Watcher] rtingClassPathChangeChangedEventListener : Restarting due to 8 class path changes (0 additions, 0 deletions, 8 modifications)
2025-07-24T16:03:53.135+07:00  INFO 17540 --- [library_management] [Thread-5] o.s.b.w.e.tomcat.GracefulShutdown        : Commencing graceful shutdown. Waiting for active requests to complete
2025-07-24T16:03:53.268+07:00  INFO 17540 --- [library_management] [tomcat-shutdown] o.s.b.w.e.tomcat.GracefulShutdown        : Graceful shutdown complete
2025-07-24T16:03:53.274+07:00  INFO 17540 --- [library_management] [Thread-5] j.LocalContainerEntityManagerFactoryBean : Closing JPA EntityManagerFactory for persistence unit 'default'
2025-07-24T16:03:53.277+07:00  INFO 17540 --- [library_management] [Thread-5] com.zaxxer.hikari.HikariDataSource       : HikariPool-1 - Shutdown initiated...
2025-07-24T16:03:53.284+07:00  INFO 17540 --- [library_management] [Thread-5] com.zaxxer.hikari.HikariDataSource       : HikariPool-1 - Shutdown completed.
2025-07-24T16:03:53.417+07:00  INFO 17540 --- [library_management] [restartedMain] o.e.l.LibraryManagementApplication       : Starting LibraryManagementApplication using Java 17 with PID 17540 (F:\CodeGym\Module_4\Module_4\ss9_aop_exception_handeling\bai_tap\library_management\build\classes\java\main started by ADMIN in F:\CodeGym\Module_4\Module_4\ss9_aop_exception_handeling\bai_tap\library_management)
2025-07-24T16:03:53.417+07:00  INFO 17540 --- [library_management] [restartedMain] o.e.l.LibraryManagementApplication       : No active profile set, falling back to 1 default profile: "default"
2025-07-24T16:03:53.562+07:00  INFO 17540 --- [library_management] [restartedMain] .s.d.r.c.RepositoryConfigurationDelegate : Bootstrapping Spring Data JPA repositories in DEFAULT mode.
2025-07-24T16:03:53.575+07:00  INFO 17540 --- [library_management] [restartedMain] .s.d.r.c.RepositoryConfigurationDelegate : Finished Spring Data repository scanning in 12 ms. Found 2 JPA repository interfaces.
2025-07-24T16:03:53.731+07:00  INFO 17540 --- [library_management] [restartedMain] o.s.b.w.embedded.tomcat.TomcatWebServer  : Tomcat initialized with port 8080 (http)
2025-07-24T16:03:53.732+07:00  INFO 17540 --- [library_management] [restartedMain] o.apache.catalina.core.StandardService   : Starting service [Tomcat]
2025-07-24T16:03:53.732+07:00  INFO 17540 --- [library_management] [restartedMain] o.apache.catalina.core.StandardEngine    : Starting Servlet engine: [Apache Tomcat/10.1.42]
2025-07-24T16:03:53.747+07:00  INFO 17540 --- [library_management] [restartedMain] o.a.c.c.C.[Tomcat].[localhost].[/]       : Initializing Spring embedded WebApplicationContext
2025-07-24T16:03:53.748+07:00  INFO 17540 --- [library_management] [restartedMain] w.s.c.ServletWebServerApplicationContext : Root WebApplicationContext: initialization completed in 329 ms
2025-07-24T16:03:53.792+07:00  INFO 17540 --- [library_management] [restartedMain] o.hibernate.jpa.internal.util.LogHelper  : HHH000204: Processing PersistenceUnitInfo [name: default]
2025-07-24T16:03:53.794+07:00  INFO 17540 --- [library_management] [restartedMain] o.h.c.internal.RegionFactoryInitiator    : HHH000026: Second-level cache disabled
2025-07-24T16:03:53.803+07:00  INFO 17540 --- [library_management] [restartedMain] o.s.o.j.p.SpringPersistenceUnitInfo      : No LoadTimeWeaver setup: ignoring JPA class transformer
2025-07-24T16:03:53.804+07:00  INFO 17540 --- [library_management] [restartedMain] com.zaxxer.hikari.HikariDataSource       : HikariPool-2 - Starting...
2025-07-24T16:03:53.818+07:00  INFO 17540 --- [library_management] [restartedMain] com.zaxxer.hikari.pool.HikariPool        : HikariPool-2 - Added connection com.mysql.cj.jdbc.ConnectionImpl@6c18f155
2025-07-24T16:03:53.818+07:00  INFO 17540 --- [library_management] [restartedMain] com.zaxxer.hikari.HikariDataSource       : HikariPool-2 - Start completed.
2025-07-24T16:03:53.820+07:00  INFO 17540 --- [library_management] [restartedMain] org.hibernate.orm.connections.pooling    : HHH10001005: Database info:
	Database JDBC URL [Connecting through datasource 'HikariDataSource (HikariPool-2)']
	Database driver: undefined/unknown
	Database version: 8.0.42
	Autocommit mode: undefined/unknown
	Isolation level: undefined/unknown
	Minimum pool size: undefined/unknown
	Maximum pool size: undefined/unknown
2025-07-24T16:03:53.876+07:00  INFO 17540 --- [library_management] [restartedMain] o.h.e.t.j.p.i.JtaPlatformInitiator       : HHH000489: No JTA platform available (set 'hibernate.transaction.jta.platform' to enable JTA platform integration)
2025-07-24T16:03:53.886+07:00  INFO 17540 --- [library_management] [restartedMain] j.LocalContainerEntityManagerFactoryBean : Initialized JPA EntityManagerFactory for persistence unit 'default'
2025-07-24T16:03:54.085+07:00  WARN 17540 --- [library_management] [restartedMain] JpaBaseConfiguration$JpaWebConfiguration : spring.jpa.open-in-view is enabled by default. Therefore, database queries may be performed during view rendering. Explicitly configure spring.jpa.open-in-view to disable this warning
2025-07-24T16:03:54.100+07:00  INFO 17540 --- [library_management] [restartedMain] o.s.b.a.w.s.WelcomePageHandlerMapping    : Adding welcome page template: index
2025-07-24T16:03:54.274+07:00  INFO 17540 --- [library_management] [restartedMain] o.s.b.d.a.OptionalLiveReloadServer       : LiveReload server is running on port 35729
2025-07-24T16:03:54.290+07:00  INFO 17540 --- [library_management] [restartedMain] o.s.b.w.embedded.tomcat.TomcatWebServer  : Tomcat started on port 8080 (http) with context path '/'
2025-07-24T16:03:54.294+07:00  INFO 17540 --- [library_management] [restartedMain] o.e.l.LibraryManagementApplication       : Started LibraryManagementApplication in 0.921 seconds (process running for 37.81)
2025-07-24T16:03:54.296+07:00  INFO 17540 --- [library_management] [restartedMain] .ConditionEvaluationDeltaLoggingListener : Condition evaluation unchanged
2025-07-24T16:03:54.332+07:00  INFO 17540 --- [library_management] [http-nio-8080-exec-1] o.a.c.c.C.[Tomcat].[localhost].[/]       : Initializing Spring DispatcherServlet 'dispatcherServlet'
2025-07-24T16:03:54.333+07:00  INFO 17540 --- [library_management] [http-nio-8080-exec-1] o.s.web.servlet.DispatcherServlet        : Initializing Servlet 'dispatcherServlet'
2025-07-24T16:03:54.334+07:00  INFO 17540 --- [library_management] [http-nio-8080-exec-1] o.s.web.servlet.DispatcherServlet        : Completed initialization in 1 ms
